SF:lib\widget\app\form-app\form\formTextWidget.dart
DA:4,2
DA:5,1
DA:6,1
DA:9,1
DA:12,1
DA:13,1
DA:14,3
DA:15,1
DA:18,2
DA:19,1
DA:20,1
LF:11
LH:11
end_of_record
SF:lib\widget\app\form-app\form\model\form.model.dart
DA:4,1
LF:1
LH:1
end_of_record
SF:lib\widget\app\form-app\form\storeInput.dart
DA:7,3
DA:8,3
DA:14,1
DA:16,1
DA:18,1
DA:20,1
DA:21,1
DA:22,1
DA:23,1
DA:24,1
DA:25,1
DA:29,1
DA:30,1
DA:35,1
DA:36,2
DA:39,1
DA:43,1
DA:45,1
DA:46,1
DA:51,1
DA:52,2
DA:56,1
DA:57,1
DA:58,3
DA:59,3
DA:60,1
DA:61,2
DA:74,1
DA:75,2
DA:76,2
DA:77,2
DA:80,2
LF:32
LH:32
end_of_record
