SF:lib\widget\app\referral_dashboard\layout\bottom.dart
DA:5,2
DA:7,2
DA:9,2
DA:10,2
DA:13,2
LF:5
LH:5
end_of_record
SF:lib\widget\app\referral_dashboard\layout\container.dart
DA:6,2
DA:8,2
DA:10,2
DA:11,2
DA:13,8
DA:14,8
LF:6
LH:6
end_of_record
SF:lib\widget\app\referral_dashboard\layout\template.dart
DA:14,2
DA:19,0
DA:21,2
DA:23,2
DA:24,2
DA:25,2
DA:26,2
DA:27,2
DA:28,4
DA:29,2
LF:10
LH:9
end_of_record
SF:lib\widget\app\referral_dashboard\layout\top.dart
DA:4,2
DA:6,2
DA:8,2
DA:9,2
DA:13,2
LF:5
LH:5
end_of_record
SF:lib\widget\app\referral_dashboard\partials\ReferralStatus.dart
DA:5,2
DA:7,2
DA:8,2
DA:12,2
DA:14,2
DA:17,2
DA:18,2
DA:21,2
DA:24,2
DA:25,2
DA:26,4
DA:27,2
DA:28,6
DA:35,2
DA:38,2
DA:39,2
DA:42,2
DA:45,2
DA:46,2
DA:47,4
DA:48,2
DA:49,6
DA:56,2
DA:60,2
DA:62,4
DA:63,2
DA:65,2
DA:66,2
DA:67,4
DA:68,2
DA:71,2
DA:72,4
DA:73,2
LF:33
LH:33
end_of_record
SF:lib\widget\app\referral_dashboard\partials\UserRow.dart
DA:4,2
DA:6,2
DA:8,2
DA:12,2
DA:14,4
DA:15,2
DA:18,2
DA:19,2
DA:20,2
LF:9
LH:9
end_of_record
SF:lib\widget\app\referral_dashboard\partials\DashboardRow.dart
DA:6,2
DA:8,2
DA:9,2
DA:15,2
DA:17,6
DA:18,2
DA:32,2
DA:33,2
DA:34,4
DA:35,2
DA:36,4
DA:37,6
DA:38,2
DA:39,2
DA:41,2
DA:42,2
DA:43,2
DA:44,2
DA:46,1
DA:47,2
DA:53,6
DA:58,2
DA:60,2
DA:61,2
DA:62,2
DA:63,4
DA:64,2
DA:65,2
DA:66,2
DA:67,2
DA:69,2
DA:72,4
DA:74,2
DA:88,4
DA:89,2
DA:90,2
DA:92,2
LF:37
LH:37
end_of_record
SF:lib\widget\app\referral_dashboard\referrals_index.dart
DA:6,0
DA:9,6
DA:11,2
DA:13,2
DA:14,2
DA:15,2
DA:16,2
DA:17,2
DA:19,2
DA:25,2
DA:26,2
DA:28,2
LF:12
LH:11
end_of_record
SF:lib\widget\app\referral_details\layout\bottom.dart
DA:5,2
DA:7,1
DA:9,1
DA:10,1
DA:13,1
LF:5
LH:5
end_of_record
SF:lib\widget\app\referral_details\layout\container.dart
DA:6,2
DA:8,1
DA:10,1
DA:11,1
DA:13,4
DA:14,4
LF:6
LH:6
end_of_record
SF:lib\widget\app\referral_details\layout\template.dart
DA:14,2
DA:19,0
DA:21,1
DA:23,1
DA:24,1
DA:25,1
DA:26,1
DA:27,1
DA:28,2
DA:29,1
LF:10
LH:9
end_of_record
SF:lib\widget\app\referral_details\layout\top.dart
DA:4,2
DA:6,1
DA:8,1
DA:9,1
DA:13,1
LF:5
LH:5
end_of_record
SF:lib\widget\app\referral_details\referral_details.dart
DA:5,0
DA:8,6
DA:10,1
DA:12,3
DA:13,1
DA:15,1
DA:16,1
DA:17,1
DA:20,1
DA:23,2
DA:24,1
DA:33,1
DA:34,1
DA:35,2
DA:39,1
DA:40,1
DA:41,1
DA:43,3
DA:46,1
DA:47,1
DA:49,3
DA:52,1
DA:53,1
DA:55,3
DA:58,1
DA:59,1
DA:61,3
DA:62,2
DA:65,1
DA:66,1
DA:68,1
DA:69,1
DA:71,1
DA:76,0
DA:77,0
LF:35
LH:32
end_of_record
SF:lib\widget\app\referral_dashboard\data\ReferralData.dart
DA:6,2
DA:8,4
DA:10,4
DA:11,6
DA:13,6
DA:14,2
DA:17,0
DA:21,2
DA:23,4
DA:25,6
DA:28,2
DA:30,4
DA:32,6
LF:13
LH:12
end_of_record
SF:lib\widget\app\models\referral.dart
DA:8,3
DA:15,3
DA:16,3
DA:17,3
DA:18,3
DA:19,3
DA:20,3
DA:21,6
LF:8
LH:8
end_of_record
SF:lib\widget\app\referral_per_user\services\referralService.dart
DA:9,1
DA:11,1
DA:12,1
DA:13,3
DA:14,1
DA:19,2
DA:21,1
DA:22,4
LF:8
LH:8
end_of_record
SF:lib\widget\app\referral_per_user\views\error.dart
DA:5,1
DA:7,1
DA:8,1
DA:14,1
DA:16,1
DA:17,2
DA:18,2
DA:22,1
DA:24,3
DA:25,0
DA:26,3
DA:27,2
DA:29,1
DA:31,1
DA:33,3
LF:15
LH:14
end_of_record
SF:lib\widget\app\referral_per_user\views\loading.dart
DA:5,1
DA:7,1
DA:8,1
DA:12,1
DA:13,1
DA:15,1
DA:16,2
DA:17,2
DA:19,1
DA:20,2
DA:21,1
DA:26,1
DA:28,1
DA:29,1
DA:32,1
LF:15
LH:15
end_of_record
SF:lib\widget\app\referral_per_user\views\menu.dart
DA:4,1
DA:6,1
DA:8,1
DA:9,1
DA:10,2
DA:11,1
DA:12,1
DA:13,1
DA:15,1
DA:16,1
LF:10
LH:10
end_of_record
SF:lib\widget\app\referral_per_user\views\referralOverview.dart
DA:5,1
DA:7,1
DA:8,1
DA:14,1
DA:16,3
DA:17,0
DA:18,3
DA:20,1
DA:22,1
DA:24,1
DA:25,1
DA:26,2
DA:27,1
DA:30,1
DA:32,2
DA:33,1
DA:34,1
DA:35,1
DA:36,1
DA:39,1
DA:40,1
DA:41,1
DA:42,2
DA:46,1
DA:47,2
DA:55,1
DA:56,1
DA:57,1
DA:58,1
DA:61,1
DA:62,1
DA:63,1
DA:64,2
DA:66,1
DA:67,1
DA:68,4
LF:36
LH:35
end_of_record
SF:lib\widget\app\models\form.model.dart
DA:4,1
LF:1
LH:1
end_of_record
SF:lib\widget\app\referral_form\form\storeInput.dart
DA:9,3
DA:14,1
DA:16,1
DA:18,1
DA:20,1
DA:22,1
DA:23,1
DA:24,1
DA:25,1
DA:26,1
DA:27,1
DA:31,1
DA:32,1
DA:37,1
DA:38,2
DA:41,1
DA:45,1
DA:47,1
DA:48,1
DA:53,1
DA:54,2
DA:58,1
DA:59,1
DA:60,3
DA:61,3
DA:62,1
DA:63,2
DA:76,1
DA:77,1
DA:78,1
DA:79,3
DA:80,3
DA:82,1
DA:84,1
DA:85,1
DA:86,4
DA:87,2
DA:88,4
DA:90,3
DA:91,0
DA:92,0
DA:93,0
DA:95,0
LF:43
LH:39
end_of_record
SF:lib\widget\app\referral_form\form\formTextWidget.dart
DA:4,2
DA:5,1
DA:6,1
DA:8,1
DA:11,1
DA:12,1
DA:13,3
DA:14,1
DA:17,2
DA:18,1
DA:19,1
LF:11
LH:11
end_of_record
